14:06:49.103 [main] INFO  testCases.MainTest - *************closing the browser**********
14:09:06.485 [main] INFO  testCases.MainTest - ***** starting MainTest *****
14:09:22.074 [main] INFO  testCases.MainTest - opening BeCognizant
14:09:22.698 [main] INFO  testCases.MainTest - getting user information
14:09:22.865 [main] INFO  testCases.MainTest - opening OneCognizant
14:09:23.472 [main] INFO  testCases.MainTest - Navigated to OneCognizant
14:09:25.801 [main] INFO  testCases.MainTest - clicked on gsd from results
14:09:25.954 [main] INFO  testCases.MainTest - Navigated to gsd
14:09:36.021 [main] INFO  testCases.MainTest - switched to appframe
14:09:36.048 [main] INFO  testCases.MainTest - validating default language
14:09:36.068 [main] INFO  testCases.MainTest - Validating default country
14:09:36.495 [main] INFO  testCases.MainTest - getting all language options from language drop down box
14:09:38.356 [main] INFO  testCases.MainTest - getting tooltips data from three random countries
14:09:51.461 [main] INFO  testCases.MainTest - *************closing the browser**********
14:12:04.014 [main] INFO  testCases.MainTest - ***** starting MainTest *****
14:12:19.992 [main] INFO  testCases.MainTest - opening BeCognizant
14:12:20.690 [main] INFO  testCases.MainTest - getting user information
14:12:20.876 [main] INFO  testCases.MainTest - opening OneCognizant
14:12:21.540 [main] INFO  testCases.MainTest - Navigated to OneCognizant
14:12:23.291 [main] INFO  testCases.MainTest - clicked on gsd from results
14:12:23.518 [main] INFO  testCases.MainTest - Navigated to gsd
14:12:33.559 [main] INFO  testCases.MainTest - switched to appframe
14:12:33.606 [main] INFO  testCases.MainTest - validating default language
14:12:33.627 [main] INFO  testCases.MainTest - Validating default country
14:12:34.017 [main] INFO  testCases.MainTest - getting all language options from language drop down box
14:12:35.908 [main] INFO  testCases.MainTest - getting tooltips data from three random countries
14:12:48.472 [main] INFO  testCases.MainTest - *************closing the browser**********
14:53:09.451 [main] INFO  testCases.MainTest - ***** starting MainTest *****
14:53:24.796 [main] INFO  testCases.MainTest - opening BeCognizant
14:53:25.400 [main] INFO  testCases.MainTest - getting user information
14:53:25.561 [main] INFO  testCases.MainTest - opening OneCognizant
14:53:26.166 [main] INFO  testCases.MainTest - Navigated to OneCognizant
14:53:27.955 [main] INFO  testCases.MainTest - clicked on gsd from results
14:53:28.147 [main] INFO  testCases.MainTest - Navigated to gsd
14:53:38.271 [main] INFO  testCases.MainTest - switched to appframe
14:53:38.297 [main] INFO  testCases.MainTest - validating default language
14:53:38.317 [main] INFO  testCases.MainTest - Validating default country
14:53:38.833 [main] INFO  testCases.MainTest - getting all language options from language drop down box
14:53:41.692 [main] INFO  testCases.MainTest - getting tooltips data from three random countries
14:53:57.510 [main] INFO  testCases.MainTest - *************closing the browser**********
14:55:08.344 [main] INFO  testCases.MainTest - ***** starting MainTest *****
14:55:24.199 [main] INFO  testCases.MainTest - opening BeCognizant
14:55:25.047 [main] INFO  testCases.MainTest - getting user information
14:55:25.381 [main] INFO  testCases.MainTest - opening OneCognizant
14:55:26.493 [main] INFO  testCases.MainTest - Navigated to OneCognizant
14:55:29.099 [main] INFO  testCases.MainTest - clicked on gsd from results
14:55:29.297 [main] INFO  testCases.MainTest - Navigated to gsd
14:55:39.399 [main] INFO  testCases.MainTest - switched to appframe
14:55:39.421 [main] INFO  testCases.MainTest - validating default language
14:55:39.439 [main] INFO  testCases.MainTest - Validating default country
14:55:39.868 [main] INFO  testCases.MainTest - getting all language options from language drop down box
14:55:41.749 [main] INFO  testCases.MainTest - getting tooltips data from three random countries
14:55:54.927 [main] INFO  testCases.MainTest - *************closing the browser**********
14:56:16.008 [main] INFO  testCases.MainTest - ***** starting MainTest *****
14:56:32.989 [main] INFO  testCases.MainTest - opening BeCognizant
14:56:34.055 [main] INFO  testCases.MainTest - getting user information
14:56:34.229 [main] INFO  testCases.MainTest - opening OneCognizant
14:56:35.165 [main] INFO  testCases.MainTest - Navigated to OneCognizant
14:56:37.674 [main] INFO  testCases.MainTest - clicked on gsd from results
14:56:37.885 [main] INFO  testCases.MainTest - Navigated to gsd
14:56:47.924 [main] INFO  testCases.MainTest - switched to appframe
14:56:47.941 [main] INFO  testCases.MainTest - validating default language
14:56:47.954 [main] INFO  testCases.MainTest - Validating default country
14:56:48.335 [main] INFO  testCases.MainTest - getting all language options from language drop down box
14:56:50.079 [main] INFO  testCases.MainTest - getting tooltips data from three random countries
