14:57:02.026 [main] INFO  testCases.MainTest - *************closing the browser**********
16:33:49.803 [main] INFO  testCases.MainTest - ***** starting MainTest *****
16:34:06.182 [main] INFO  testCases.MainTest - opening BeCognizant
16:34:07.155 [main] INFO  testCases.MainTest - getting user information
16:34:07.468 [main] INFO  testCases.MainTest - opening OneCognizant
16:34:08.707 [main] INFO  testCases.MainTest - Navigated to OneCognizant
16:34:11.216 [main] INFO  testCases.MainTest - clicked on gsd from results
16:34:11.468 [main] INFO  testCases.MainTest - Navigated to gsd
16:34:21.544 [main] INFO  testCases.MainTest - switched to appframe
16:34:21.569 [main] INFO  testCases.MainTest - validating default language
16:34:21.589 [main] INFO  testCases.MainTest - Validating default country
16:34:21.992 [main] INFO  testCases.MainTest - getting all language options from language drop down box
16:34:23.966 [main] INFO  testCases.MainTest - getting tooltips data from three random countries
16:34:37.320 [main] INFO  testCases.MainTest - *************closing the browser**********
16:34:55.996 [main] INFO  testCases.MainTest - ***** starting MainTest *****
16:35:12.147 [main] INFO  testCases.MainTest - opening BeCognizant
16:35:12.926 [main] INFO  testCases.MainTest - getting user information
16:35:13.191 [main] INFO  testCases.MainTest - opening OneCognizant
16:35:14.214 [main] INFO  testCases.MainTest - Navigated to OneCognizant
16:36:18.423 [main] INFO  testCases.MainTest - clicked on gsd from results
16:36:18.649 [main] INFO  testCases.MainTest - Navigated to gsd
16:36:28.698 [main] INFO  testCases.MainTest - switched to appframe
16:36:28.723 [main] INFO  testCases.MainTest - validating default language
16:36:28.747 [main] INFO  testCases.MainTest - Validating default country
16:36:29.194 [main] INFO  testCases.MainTest - getting all language options from language drop down box
16:36:31.273 [main] INFO  testCases.MainTest - getting tooltips data from three random countries
16:36:48.825 [main] INFO  testCases.MainTest - *************closing the browser**********
